2023-09-05 14:34:53,917 - INFO - Iniciando consolidação campus CIPJ
2023-09-05 14:34:54,327 - INFO - carregando palnilha de levantamento fisico campus CIPJ
2023-09-05 14:36:04,643 - INFO - carregando palnilha de estoque suap campus CIPJ
2023-09-05 14:37:23,822 - INFO - tratamdp dados da planilha de levantameto fisico CIPJ
2023-09-05 14:38:28,950 - INFO - removendo dados duplicados
2023-09-05 14:39:37,012 - INFO - cruzando dados entre levantamento fisico e suap
2023-09-05 14:40:38,148 - INFO - consolidando dados
2023-09-05 14:41:46,247 - INFO - exportando planilha de consolidação
2023-09-05 14:43:04,473 - INFO - consolidação campus CIPJ finalizada
2023-09-05 14:43:04,488 - INFO - montando planilha de ajustes 
2023-09-05 14:44:11,623 - INFO - exportando planilha de ajustes 
2023-09-06 14:54:10,387 - INFO - Iniciando consolidação campus CIPJ
2023-09-06 14:54:10,416 - INFO - carregando palnilha de levantamento fisico campus CIPJ
2023-09-06 14:55:24,654 - INFO - carregando palnilha de estoque suap campus CIPJ
2023-09-06 14:56:25,790 - INFO - tratamdp dados da planilha de levantameto fisico CIPJ
2023-09-06 14:57:31,944 - INFO - removendo dados duplicados
2023-09-06 14:58:39,048 - INFO - cruzando dados entre levantamento fisico e suap
2023-09-06 14:59:46,193 - INFO - consolidando dados
2023-09-06 15:01:03,292 - INFO - exportando planilha de consolidação
2023-09-06 15:02:03,471 - INFO - consolidação campus CIPJ finalizada
2023-09-06 15:02:03,477 - INFO - montando planilha de ajustes 
2023-09-06 15:03:21,617 - INFO - exportando planilha de ajustes 
