2023-11-20 15:41:04,855 - INFO - iniciando extarção campus CAFI
2023-11-20 15:41:04,940 - INFO - Extarção campus CAFI finalizada
2023-11-20 15:41:04,955 - INFO - abrindo suap
2023-11-20 15:41:09,939 - INFO - inserindo nome e senha
2023-11-20 15:41:15,880 - INFO - criando tabela
2023-11-20 15:41:15,883 - DEBUG - recolhendo dados da pagina 1
2023-11-20 15:41:21,984 - DEBUG - recolhendo dados da pagina 2
2023-11-20 15:41:26,340 - DEBUG - recolhendo dados da pagina 3
2023-11-20 15:41:30,704 - DEBUG - recolhendo dados da pagina 4
2023-11-20 15:41:35,116 - DEBUG - recolhendo dados da pagina 5
2023-11-20 15:41:39,842 - DEBUG - recolhendo dados da pagina 6
2023-11-20 15:41:44,691 - DEBUG - recolhendo dados da pagina 7
2023-11-20 15:41:48,889 - DEBUG - recolhendo dados da pagina 8
2023-11-20 15:41:53,251 - DEBUG - recolhendo dados da pagina 9
2023-11-20 15:41:57,627 - DEBUG - recolhendo dados da pagina 10
2023-11-20 15:42:01,328 - DEBUG - recolhendo dados da pagina 11
2023-11-20 15:42:04,546 - WARNING - fim da paginação
2023-11-20 15:42:04,547 - DEBUG - iniciando fatiamento da tabela
2023-11-20 15:42:04,547 - DEBUG - montando DataFrame
2023-11-20 15:42:04,561 - DEBUG - exportando arquivo .xlsx
