2023-10-24 17:10:49,650 - INFO - Iniciando consolidação campus CMPR
2023-10-24 17:10:49,659 - INFO - carregando palnilha de levantamento fisico campus CMPR
2023-10-24 17:10:49,746 - INFO - carregando palnilha de estoque suap campus CMPR
2023-10-24 17:10:49,812 - INFO - tratamdp dados da planilha de levantameto fisico CMPR
2023-10-24 17:10:49,815 - INFO - removendo dados duplicados
2023-10-24 17:10:49,815 - INFO - cruzando dados entre levantamento fisico e suap
2023-10-24 17:10:49,818 - INFO - consolidando dados
2023-10-24 17:10:49,818 - INFO - exportando planilha de consolidação
2023-10-24 17:10:49,872 - INFO - consolidação campus CMPR finalizada
2023-10-24 17:10:49,876 - INFO - montando planilha de ajustes 
2023-10-24 17:10:49,893 - INFO - exportando planilha de ajustes 
2023-10-24 17:11:19,553 - INFO - Iniciando consolidação campus CPMR
2023-10-24 17:11:19,563 - INFO - carregando palnilha de levantamento fisico campus CPMR
2023-10-24 17:11:19,647 - INFO - carregando palnilha de estoque suap campus CPMR
2023-10-24 17:11:19,687 - INFO - tratamdp dados da planilha de levantameto fisico CPMR
2023-10-24 17:11:19,689 - INFO - removendo dados duplicados
2023-10-24 17:11:19,689 - INFO - cruzando dados entre levantamento fisico e suap
2023-10-24 17:11:19,691 - INFO - consolidando dados
2023-10-24 17:11:19,691 - INFO - exportando planilha de consolidação
2023-10-24 17:11:19,747 - INFO - consolidação campus CPMR finalizada
2023-10-24 17:11:19,752 - INFO - montando planilha de ajustes 
2023-10-24 17:11:19,765 - INFO - exportando planilha de ajustes 
