2023-10-19 14:47:19,652 - INFO - iniciando extarção campus CVSA
2023-10-19 14:47:19,758 - INFO - Extarção campus CVSA finalizada
2023-10-19 14:47:19,790 - INFO - abrindo suap
2023-10-19 14:47:28,306 - INFO - inserindo nome e senha
2023-10-19 14:47:32,639 - INFO - criando tabela
2023-10-19 14:47:32,640 - DEBUG - recolhendo dados da pagina 1
2023-10-19 14:51:09,042 - DEBUG - recolhendo dados da pagina 2
2023-10-19 14:54:15,526 - DEBUG - recolhendo dados da pagina 3
2023-10-19 14:57:15,987 - DEBUG - recolhendo dados da pagina 4
2023-10-19 14:59:43,480 - DEBUG - recolhendo dados da pagina 5
2023-10-19 15:02:40,903 - DEBUG - recolhendo dados da pagina 6
2023-10-19 15:06:17,369 - DEBUG - recolhendo dados da pagina 7
2023-10-19 15:09:44,585 - DEBUG - recolhendo dados da pagina 8
2023-10-19 15:12:07,111 - DEBUG - recolhendo dados da pagina 9
2023-10-19 15:15:14,532 - DEBUG - recolhendo dados da pagina 10
2023-10-19 15:18:58,205 - DEBUG - recolhendo dados da pagina 11
2023-10-19 15:21:08,817 - DEBUG - recolhendo dados da pagina 12
2023-10-19 15:25:39,438 - DEBUG - recolhendo dados da pagina 13
2023-10-19 15:28:29,908 - DEBUG - recolhendo dados da pagina 14
2023-10-19 15:32:57,164 - DEBUG - recolhendo dados da pagina 15
2023-10-19 15:35:32,620 - DEBUG - recolhendo dados da pagina 16
2023-10-19 15:38:56,940 - DEBUG - recolhendo dados da pagina 17
2023-10-19 15:41:52,790 - DEBUG - recolhendo dados da pagina 18
2023-10-19 15:46:14,298 - DEBUG - recolhendo dados da pagina 19
2023-10-19 15:46:15,761 - WARNING - fim da paginação
2023-10-19 15:46:15,767 - DEBUG - iniciando fatiamento da tabela
2023-10-19 15:46:15,768 - DEBUG - montando DataFrame
2023-10-19 15:48:31,956 - DEBUG - exportando arquivo .xlsx
