2023-10-27 15:42:05,423 - INFO - iniciando extarção campus CREC
2023-10-27 15:42:05,520 - INFO - Extarção campus CREC finalizada
2023-10-27 15:42:05,534 - INFO - abrindo suap
2023-10-27 15:42:09,753 - INFO - inserindo nome e senha
2023-10-27 15:42:13,473 - INFO - criando tabela
2023-10-27 15:42:13,474 - DEBUG - recolhendo dados da pagina 1
2023-10-27 15:42:16,651 - DEBUG - recolhendo dados da pagina 2
2023-10-27 15:42:20,153 - DEBUG - recolhendo dados da pagina 3
2023-10-27 15:42:22,920 - DEBUG - recolhendo dados da pagina 4
2023-10-27 15:42:25,889 - DEBUG - recolhendo dados da pagina 5
2023-10-27 15:42:29,184 - DEBUG - recolhendo dados da pagina 6
2023-10-27 15:42:32,250 - DEBUG - recolhendo dados da pagina 7
2023-10-27 15:42:35,338 - DEBUG - recolhendo dados da pagina 8
2023-10-27 15:42:38,508 - DEBUG - recolhendo dados da pagina 9
2023-10-27 15:42:41,634 - DEBUG - recolhendo dados da pagina 10
2023-10-27 15:42:44,831 - DEBUG - recolhendo dados da pagina 11
2023-10-27 15:42:47,600 - DEBUG - recolhendo dados da pagina 12
2023-10-27 15:42:50,596 - DEBUG - recolhendo dados da pagina 13
2023-10-27 15:42:53,497 - DEBUG - recolhendo dados da pagina 14
2023-10-27 15:42:56,695 - DEBUG - recolhendo dados da pagina 15
2023-10-27 15:42:59,351 - DEBUG - recolhendo dados da pagina 16
2023-10-27 15:43:00,731 - WARNING - fim da paginação
2023-10-27 15:43:00,732 - DEBUG - iniciando fatiamento da tabela
2023-10-27 15:43:00,733 - DEBUG - montando DataFrame
2023-10-27 15:43:00,759 - DEBUG - exportando arquivo .xlsx
